2025-04-13 20:52:58,378 [INFO] Activator:176 - 


2025-04-13 20:52:58,381 [INFO] Activator:177 - !SESSION log4j initialized
2025-04-13 20:53:05,228 [INFO] LogOutputStream:77 - [STDOUT_REDIRECT] 
2025-04-13 20:53:15,785 [INFO] ApplicationProperties:184 - Using Application install path: C:\ST\STM32CubeIDE_1.18.0\STM32CubeIDE\plugins\com.st.stm32cube.common.mx_6.14.0.202502271554
2025-04-13 20:53:15,823 [INFO] DbMcusXml:78 - Set database path to: C:\ST\STM32CubeIDE_1.18.0\STM32CubeIDE\plugins\com.st.stm32cube.common.mx_6.14.0.202502271554\\db\/mcu/
2025-04-13 20:53:15,823 [INFO] ApiDb:274 - Set plugin database path to: C:\ST\STM32CubeIDE_1.18.0\STM32CubeIDE\plugins\com.st.stm32cube.common.mx_6.14.0.202502271554\\db\/plugins/boardmanager/
2025-04-13 20:53:15,824 [WARN] ApiDb:259 - Overriding images path with different value:  => C:\ST\STM32CubeIDE_1.18.0\STM32CubeIDE\plugins\com.st.stm32cube.common.mx_6.14.0.202502271554\\db\/plugins/mcufinder/images/
2025-04-13 20:53:15,843 [INFO] ApiDb:250 - Set database path to: C:\Users\ORLANDO\.stmcufinder\plugins\mcufinder//mcu/
2025-04-13 20:53:15,846 [INFO] DbMcusAds:125 - Set database path to: C:\Users\ORLANDO\.stmcufinder\plugins\mcufinder//mcu/
2025-04-13 20:53:15,852 [INFO] CrossReferenceDbSqlite:203 - Set database path to: C:\Users\ORLANDO\.stmcufinder\plugins\mcufinder//mcu/cs/
2025-04-13 20:53:16,185 [INFO] RulesReader:64 - Compatibility file has been processed (301 Rules)
2025-04-13 20:53:16,397 [INFO] DbMcusXml:78 - Set database path to: C:\ST\STM32CubeIDE_1.18.0\STM32CubeIDE\plugins\com.st.stm32cube.common.mx_6.14.0.202502271554\\db\/mcu/
2025-04-13 20:53:16,397 [INFO] ApiDb:274 - Set plugin database path to: C:\ST\STM32CubeIDE_1.18.0\STM32CubeIDE\plugins\com.st.stm32cube.common.mx_6.14.0.202502271554\\db\/plugins/boardmanager/
2025-04-13 20:53:16,398 [INFO] ApiDb:261 - Set plugin images path to: C:\ST\STM32CubeIDE_1.18.0\STM32CubeIDE\plugins\com.st.stm32cube.common.mx_6.14.0.202502271554\\db\/plugins/mcufinder/images/
2025-04-13 20:53:16,398 [WARN] DbFile:41 - Overriding database path with different value: C:\Users\ORLANDO\.stmcufinder\plugins\mcufinder/ => C:\Users\ORLANDO\.stmcufinder\plugins\mcufinder
2025-04-13 20:53:16,398 [INFO] ApiDb:250 - Set database path to: C:\Users\ORLANDO\.stmcufinder\plugins\mcufinder//mcu/
2025-04-13 20:53:16,398 [WARN] DbFile:41 - Overriding database path with different value: C:\Users\ORLANDO\.stmcufinder\plugins\mcufinder/ => C:\Users\ORLANDO\.stmcufinder\plugins\mcufinder
2025-04-13 20:53:16,399 [INFO] DbMcusAds:125 - Set database path to: C:\Users\ORLANDO\.stmcufinder\plugins\mcufinder//mcu/
2025-04-13 20:53:16,399 [WARN] DbFile:41 - Overriding database path with different value: C:\Users\ORLANDO\.stmcufinder\plugins\mcufinder/ => C:\Users\ORLANDO\.stmcufinder\plugins\mcufinder
2025-04-13 20:53:16,399 [WARN] DbFile:41 - Overriding database path with different value: C:\Users\ORLANDO\.stmcufinder\plugins\mcufinder/ => C:\Users\ORLANDO\.stmcufinder\plugins\mcufinder
2025-04-13 20:53:16,418 [INFO] CrossReferenceDbSqlite:203 - Set database path to: C:\Users\ORLANDO\.stmcufinder\plugins\mcufinder//mcu/cs/
2025-04-13 20:53:16,600 [INFO] MainPanel:272 - HeapMemory: 268435456
2025-04-13 20:53:16,863 [INFO] DbMcusXml:78 - Set database path to: C:\ST\STM32CubeIDE_1.18.0\STM32CubeIDE\plugins\com.st.stm32cube.common.mx_6.14.0.202502271554\\db\/mcu/
2025-04-13 20:53:16,863 [INFO] ApiDb:274 - Set plugin database path to: C:\ST\STM32CubeIDE_1.18.0\STM32CubeIDE\plugins\com.st.stm32cube.common.mx_6.14.0.202502271554\\db\/plugins/boardmanager/
2025-04-13 20:53:16,863 [INFO] ApiDb:261 - Set plugin images path to: C:\ST\STM32CubeIDE_1.18.0\STM32CubeIDE\plugins\com.st.stm32cube.common.mx_6.14.0.202502271554\\db\/plugins/mcufinder/images/
2025-04-13 20:53:16,864 [WARN] DbFile:41 - Overriding database path with different value: C:\Users\ORLANDO\.stmcufinder\plugins\mcufinder/ => C:\Users\ORLANDO\.stmcufinder\plugins\mcufinder
2025-04-13 20:53:16,864 [INFO] ApiDb:250 - Set database path to: C:\Users\ORLANDO\.stmcufinder\plugins\mcufinder//mcu/
2025-04-13 20:53:16,865 [WARN] DbFile:41 - Overriding database path with different value: C:\Users\ORLANDO\.stmcufinder\plugins\mcufinder/ => C:\Users\ORLANDO\.stmcufinder\plugins\mcufinder
2025-04-13 20:53:16,865 [INFO] DbMcusAds:125 - Set database path to: C:\Users\ORLANDO\.stmcufinder\plugins\mcufinder//mcu/
2025-04-13 20:53:16,865 [WARN] DbFile:41 - Overriding database path with different value: C:\Users\ORLANDO\.stmcufinder\plugins\mcufinder/ => C:\Users\ORLANDO\.stmcufinder\plugins\mcufinder
2025-04-13 20:53:16,865 [WARN] DbFile:41 - Overriding database path with different value: C:\Users\ORLANDO\.stmcufinder\plugins\mcufinder/ => C:\Users\ORLANDO\.stmcufinder\plugins\mcufinder
2025-04-13 20:53:16,865 [INFO] CrossReferenceDbSqlite:203 - Set database path to: C:\Users\ORLANDO\.stmcufinder\plugins\mcufinder//mcu/cs/
2025-04-13 20:53:16,904 [INFO] ApplicationProperties:184 - Using Application install path: C:\ST\STM32CubeIDE_1.18.0\STM32CubeIDE\plugins\com.st.stm32cube.common.mx_6.14.0.202502271554
2025-04-13 20:53:16,906 [INFO] PluginManage:196 - Search for loadable plugins [exclusion list=, ]
2025-04-13 20:53:16,912 [INFO] PluginManage:310 - Check plugin analytics
2025-04-13 20:53:22,092 [INFO] AnalyticsPlugin:253 - Accepted Software Licenses: 
2025-04-13 20:53:22,093 [INFO] AnalyticsPlugin:255 - Accepted CMSIS Pack Licenses: 
2025-04-13 20:53:22,095 [INFO] AnalyticsPlugin:257 - Accepted Firmware Licenses: 
2025-04-13 20:53:22,105 [INFO] PluginManage:359 - Loaded plugin analytics (category:tool,tabindex:-1)
2025-04-13 20:53:22,105 [INFO] PluginManage:310 - Check plugin cadmodel
2025-04-13 20:53:22,172 [INFO] CADModel:105 - Init CAD model plugin
2025-04-13 20:53:22,173 [INFO] PluginManage:359 - Loaded plugin cadmodel (category:power,tabindex:5)
2025-04-13 20:53:22,175 [INFO] PluginManage:310 - Check plugin clock
2025-04-13 20:53:22,237 [INFO] PluginManage:359 - Loaded plugin clock (category:base,tabindex:2)
2025-04-13 20:53:22,237 [INFO] PluginManage:310 - Check plugin ddr
2025-04-13 20:53:22,245 [INFO] PluginManage:359 - Loaded plugin ddr (category:tool,tabindex:6)
2025-04-13 20:53:22,245 [INFO] PluginManage:310 - Check plugin filemanager
2025-04-13 20:53:22,713 [INFO] PluginManage:359 - Loaded plugin filemanager (category:base,tabindex:10)
2025-04-13 20:53:22,713 [INFO] PluginManage:310 - Check plugin ipmanager
2025-04-13 20:53:22,730 [INFO] PluginManage:359 - Loaded plugin ipmanager (category:base,tabindex:5)
2025-04-13 20:53:22,730 [INFO] PluginManage:310 - Check plugin lpbam
2025-04-13 20:53:22,777 [INFO] PluginManage:359 - Loaded plugin lpbam (category:base,tabindex:0)
2025-04-13 20:53:22,777 [INFO] PluginManage:310 - Check plugin memorymap
2025-04-13 20:53:22,824 [INFO] PluginManage:359 - Loaded plugin memorymap (category:base,tabindex:4)
2025-04-13 20:53:22,824 [INFO] PluginManage:310 - Check plugin pinoutandconfiguration
2025-04-13 20:53:22,860 [INFO] PluginManage:359 - Loaded plugin pinoutandconfiguration (category:base,tabindex:1)
2025-04-13 20:53:22,860 [INFO] PluginManage:310 - Check plugin pinoutconfig
2025-04-13 20:53:23,039 [WARN] SupportedApi:132 - Cannot load RTOS API schema: s4s-elt-must-match.1: The content of 'definitions' must match (annotation?, (simpleType | complexType)?, (unique | key | keyref)*)). A problem was found starting at: attribute.
2025-04-13 20:53:23,285 [INFO] PluginManage:359 - Loaded plugin pinoutconfig (category:base,tabindex:0)
2025-04-13 20:53:23,285 [INFO] PluginManage:310 - Check plugin power
2025-04-13 20:53:23,328 [INFO] PluginManage:359 - Loaded plugin power (category:power,tabindex:4)
2025-04-13 20:53:23,328 [INFO] PluginManage:310 - Check plugin projectmanager
2025-04-13 20:53:23,364 [INFO] PluginManage:359 - Loaded plugin projectmanager (category:projectmanager,tabindex:4)
2025-04-13 20:53:23,365 [INFO] PluginManage:310 - Check plugin rif
2025-04-13 20:53:23,402 [INFO] PluginManage:359 - Loaded plugin rif (category:base,tabindex:3)
2025-04-13 20:53:23,403 [INFO] PluginManage:310 - Check plugin thirdparty
2025-04-13 20:53:23,994 [INFO] PluginManage:359 - Loaded plugin thirdparty (category:base,tabindex:-1)
2025-04-13 20:53:23,995 [INFO] PluginManage:310 - Check plugin tools
2025-04-13 20:53:23,994 [WARN] IntegrityCheckThread:84 - waiting for thirdparty lock release [integrity check]
2025-04-13 20:53:23,997 [INFO] IntegrityCheckThread:86 - entering critical section [integrity check]
2025-04-13 20:53:23,998 [INFO] ThirdPartyUpdaterWithRetryManager:70 - Updater plugin not ready yet. [1/15]
2025-04-13 20:53:24,102 [INFO] PluginManage:359 - Loaded plugin tools (category:base,tabindex:7)
2025-04-13 20:53:24,103 [INFO] PluginManage:310 - Check plugin tutovideos
2025-04-13 20:53:24,599 [INFO] PluginManage:359 - Loaded plugin tutovideos (category:base,tabindex:-1)
2025-04-13 20:53:24,600 [INFO] PluginManage:310 - Check plugin updater
2025-04-13 20:53:24,650 [INFO] PluginManage:359 - Loaded plugin updater (category:base,tabindex:12)
2025-04-13 20:53:24,650 [INFO] PluginManage:310 - Check plugin userauth
2025-04-13 20:53:24,660 [INFO] UserAuth:118 - Init User Auth plugin
2025-04-13 20:53:24,663 [INFO] PluginManage:359 - Loaded plugin userauth (category:base,tabindex:14)
2025-04-13 20:53:24,664 [INFO] PluginManage:283 - PluginManage : Loaded plugins [18]
2025-04-13 20:53:25,233 [INFO] PinOutPanel:1589 - setPackage(No Configuration,No Configuration)
2025-04-13 20:53:25,439 [INFO] CADModel:165 - CPN selected for project level
2025-04-13 20:53:25,439 [INFO] CADModel:114 - Register for checkConnection events
2025-04-13 20:53:25,483 [INFO] IPUIPlugin:80 - create IPUIPlugin
2025-04-13 20:53:25,484 [INFO] PluginManager:220 - loadIPPluginJar : add adc
2025-04-13 20:53:25,562 [INFO] IPUIPlugin:80 - create IPUIPlugin
2025-04-13 20:53:25,563 [INFO] PluginManager:220 - loadIPPluginJar : add aes
2025-04-13 20:53:25,656 [INFO] IPUIPlugin:80 - create IPUIPlugin
2025-04-13 20:53:25,658 [INFO] PluginManager:220 - loadIPPluginJar : add can
2025-04-13 20:53:25,719 [INFO] IPUIPlugin:80 - create IPUIPlugin
2025-04-13 20:53:25,719 [INFO] PluginManager:220 - loadIPPluginJar : add comp
2025-04-13 20:53:25,790 [INFO] IPUIPlugin:80 - create IPUIPlugin
2025-04-13 20:53:25,790 [INFO] PluginManager:220 - loadIPPluginJar : add cryp
2025-04-13 20:53:25,815 [INFO] IPUIPlugin:80 - create IPUIPlugin
2025-04-13 20:53:25,815 [INFO] PluginManager:220 - loadIPPluginJar : add ddr_ctrl_phy
2025-04-13 20:53:25,881 [INFO] IPUIPlugin:80 - create IPUIPlugin
2025-04-13 20:53:25,882 [INFO] PluginManager:220 - loadIPPluginJar : add dfsdm
2025-04-13 20:53:25,907 [INFO] IPUIPlugin:80 - create IPUIPlugin
2025-04-13 20:53:25,907 [INFO] PluginManager:220 - loadIPPluginJar : add dma
2025-04-13 20:53:25,990 [INFO] IPUIPlugin:80 - create IPUIPlugin
2025-04-13 20:53:25,990 [INFO] PluginManager:220 - loadIPPluginJar : add dma3
2025-04-13 20:53:26,086 [INFO] IPUIPlugin:80 - create IPUIPlugin
2025-04-13 20:53:26,086 [INFO] PluginManager:220 - loadIPPluginJar : add extmemmanager
2025-04-13 20:53:26,130 [INFO] IPUIPlugin:80 - create IPUIPlugin
2025-04-13 20:53:26,130 [INFO] PluginManager:220 - loadIPPluginJar : add fatfs
2025-04-13 20:53:26,231 [INFO] IPUIPlugin:80 - create IPUIPlugin
2025-04-13 20:53:26,232 [INFO] PluginManager:220 - loadIPPluginJar : add fmc
2025-04-13 20:53:26,263 [INFO] IPUIPlugin:80 - create IPUIPlugin
2025-04-13 20:53:26,263 [INFO] PluginManager:220 - loadIPPluginJar : add freertos
2025-04-13 20:53:26,328 [INFO] IPUIPlugin:80 - create IPUIPlugin
2025-04-13 20:53:26,328 [INFO] PluginManager:220 - loadIPPluginJar : add genericplugin
2025-04-13 20:53:26,579 [INFO] IPUIPlugin:80 - create IPUIPlugin
2025-04-13 20:53:26,579 [INFO] PluginManager:220 - loadIPPluginJar : add gfxmmu
2025-04-13 20:53:26,915 [INFO] IPUIPlugin:80 - create IPUIPlugin
2025-04-13 20:53:26,915 [INFO] PluginManager:220 - loadIPPluginJar : add gic
2025-04-13 20:53:26,941 [INFO] IPUIPlugin:80 - create IPUIPlugin
2025-04-13 20:53:26,942 [INFO] PluginManager:220 - loadIPPluginJar : add gpio
2025-04-13 20:53:27,005 [INFO] ThirdPartyUpdaterWithRetryManager:70 - Updater plugin not ready yet. [2/15]
2025-04-13 20:53:27,176 [INFO] IPUIPlugin:80 - create IPUIPlugin
2025-04-13 20:53:27,176 [INFO] PluginManager:220 - loadIPPluginJar : add gtzc
2025-04-13 20:53:27,258 [INFO] IPUIPlugin:80 - create IPUIPlugin
2025-04-13 20:53:27,258 [INFO] PluginManager:220 - loadIPPluginJar : add hash
2025-04-13 20:53:27,385 [INFO] IPUIPlugin:80 - create IPUIPlugin
2025-04-13 20:53:27,385 [INFO] PluginManager:220 - loadIPPluginJar : add i2c
2025-04-13 20:53:27,489 [INFO] IPUIPlugin:80 - create IPUIPlugin
2025-04-13 20:53:27,489 [INFO] PluginManager:220 - loadIPPluginJar : add i2s
2025-04-13 20:53:27,587 [INFO] IPUIPlugin:80 - create IPUIPlugin
2025-04-13 20:53:27,588 [INFO] PluginManager:220 - loadIPPluginJar : add i3c
2025-04-13 20:53:27,821 [INFO] IPUIPlugin:80 - create IPUIPlugin
2025-04-13 20:53:27,822 [INFO] PluginManager:220 - loadIPPluginJar : add ipddr
2025-04-13 20:53:28,023 [INFO] IPUIPlugin:80 - create IPUIPlugin
2025-04-13 20:53:28,023 [INFO] PluginManager:220 - loadIPPluginJar : add linkedlist
2025-04-13 20:53:28,097 [INFO] IPUIPlugin:80 - create IPUIPlugin
2025-04-13 20:53:28,097 [INFO] PluginManager:220 - loadIPPluginJar : add lorawan
2025-04-13 20:53:28,178 [INFO] IPUIPlugin:80 - create IPUIPlugin
2025-04-13 20:53:28,178 [INFO] PluginManager:220 - loadIPPluginJar : add ltdc
2025-04-13 20:53:28,205 [INFO] IPUIPlugin:80 - create IPUIPlugin
2025-04-13 20:53:28,205 [INFO] PluginManager:220 - loadIPPluginJar : add mdma
2025-04-13 20:53:28,230 [INFO] IPUIPlugin:80 - create IPUIPlugin
2025-04-13 20:53:28,231 [INFO] PluginManager:220 - loadIPPluginJar : add nvic
2025-04-13 20:53:28,314 [INFO] IPUIPlugin:80 - create IPUIPlugin
2025-04-13 20:53:28,314 [INFO] PluginManager:220 - loadIPPluginJar : add opamp
2025-04-13 20:53:28,452 [INFO] IPUIPlugin:80 - create IPUIPlugin
2025-04-13 20:53:28,453 [INFO] PluginManager:220 - loadIPPluginJar : add openamp
2025-04-13 20:53:28,542 [INFO] IPUIPlugin:80 - create IPUIPlugin
2025-04-13 20:53:28,543 [INFO] PluginManager:220 - loadIPPluginJar : add pdm2pcm
2025-04-13 20:53:28,570 [INFO] IPUIPlugin:80 - create IPUIPlugin
2025-04-13 20:53:28,573 [INFO] PluginManager:220 - loadIPPluginJar : add plateformsettings
2025-04-13 20:53:28,621 [INFO] IPUIPlugin:80 - create IPUIPlugin
2025-04-13 20:53:28,621 [INFO] PluginManager:220 - loadIPPluginJar : add quadspi
2025-04-13 20:53:28,681 [INFO] IPUIPlugin:80 - create IPUIPlugin
2025-04-13 20:53:28,682 [INFO] PluginManager:220 - loadIPPluginJar : add radio
2025-04-13 20:53:28,708 [INFO] IPUIPlugin:80 - create IPUIPlugin
2025-04-13 20:53:28,708 [INFO] PluginManager:220 - loadIPPluginJar : add resmgrutility
2025-04-13 20:53:28,816 [INFO] IPUIPlugin:80 - create IPUIPlugin
2025-04-13 20:53:28,816 [INFO] PluginManager:220 - loadIPPluginJar : add sai
2025-04-13 20:53:28,901 [INFO] IPUIPlugin:80 - create IPUIPlugin
2025-04-13 20:53:28,901 [INFO] PluginManager:220 - loadIPPluginJar : add spi
2025-04-13 20:53:29,072 [INFO] IPUIPlugin:80 - create IPUIPlugin
2025-04-13 20:53:29,072 [INFO] PluginManager:220 - loadIPPluginJar : add stm32_wpan
2025-04-13 20:53:29,125 [INFO] IPUIPlugin:80 - create IPUIPlugin
2025-04-13 20:53:29,126 [INFO] PluginManager:220 - loadIPPluginJar : add tim
2025-04-13 20:53:29,258 [INFO] IPUIPlugin:80 - create IPUIPlugin
2025-04-13 20:53:29,259 [INFO] PluginManager:220 - loadIPPluginJar : add touchsensing
2025-04-13 20:53:29,425 [INFO] IPUIPlugin:80 - create IPUIPlugin
2025-04-13 20:53:29,425 [INFO] PluginManager:220 - loadIPPluginJar : add tracer_emb
2025-04-13 20:53:29,478 [INFO] IPUIPlugin:80 - create IPUIPlugin
2025-04-13 20:53:29,479 [INFO] PluginManager:220 - loadIPPluginJar : add ts
2025-04-13 20:53:29,529 [INFO] IPUIPlugin:80 - create IPUIPlugin
2025-04-13 20:53:29,529 [INFO] PluginManager:220 - loadIPPluginJar : add tsc
2025-04-13 20:53:29,576 [INFO] IPUIPlugin:80 - create IPUIPlugin
2025-04-13 20:53:29,576 [INFO] PluginManager:220 - loadIPPluginJar : add ucpd
2025-04-13 20:53:29,671 [INFO] IPUIPlugin:80 - create IPUIPlugin
2025-04-13 20:53:29,671 [INFO] PluginManager:220 - loadIPPluginJar : add usart
2025-04-13 20:53:29,767 [INFO] IPUIPlugin:80 - create IPUIPlugin
2025-04-13 20:53:29,768 [INFO] PluginManager:220 - loadIPPluginJar : add usbx
2025-04-13 20:53:29,940 [FATAL] Updater:351 - Updater called before beeing initialized
2025-04-13 20:53:30,015 [INFO] ThirdPartyUpdaterWithRetryManager:70 - Updater plugin not ready yet. [3/15]
2025-04-13 20:53:30,027 [INFO] RulesReader:64 - Compatibility file has been processed (301 Rules)
2025-04-13 20:53:30,059 [INFO] RulesReader:64 - Compatibility file has been processed (301 Rules)
2025-04-13 20:53:30,075 [INFO] CADModel:165 - CPN selected for project level
2025-04-13 20:53:30,075 [INFO] CADModel:114 - Register for checkConnection events
2025-04-13 20:53:30,075 [FATAL] Updater:351 - Updater called before beeing initialized
2025-04-13 20:53:30,076 [ERROR] CADModel:125 - Updater not yet initialized, retry later 
2025-04-13 20:53:30,370 [FATAL] Updater:351 - Updater called before beeing initialized
2025-04-13 20:53:30,373 [INFO] CADModel:165 - CPN selected for project level
2025-04-13 20:53:30,373 [INFO] CADModel:114 - Register for checkConnection events
2025-04-13 20:53:30,373 [FATAL] Updater:351 - Updater called before beeing initialized
2025-04-13 20:53:30,373 [ERROR] CADModel:125 - Updater not yet initialized, retry later 
2025-04-13 20:53:30,378 [FATAL] Updater:351 - Updater called before beeing initialized
2025-04-13 20:53:30,652 [FATAL] Updater:351 - Updater called before beeing initialized
2025-04-13 20:53:30,676 [INFO] DbMcusAds:53 - JSON generation date=Thu Mar 06 11:54:21 ART 2025 (1741272861825)
2025-04-13 20:53:30,676 [FATAL] Updater:351 - Updater called before beeing initialized
2025-04-13 20:53:30,771 [WARN] DetailPanel:346 - Failed to get advertising image, set to default
2025-04-13 20:53:31,287 [FATAL] Updater:351 - Updater called before beeing initialized
2025-04-13 20:53:31,289 [FATAL] Updater:351 - Updater called before beeing initialized
2025-04-13 20:53:31,290 [FATAL] Updater:351 - Updater called before beeing initialized
2025-04-13 20:53:31,290 [WARN] DetailPanel:346 - Failed to get advertising image, set to default
2025-04-13 20:53:31,292 [FATAL] Updater:351 - Updater called before beeing initialized
2025-04-13 20:53:31,454 [ERROR] Updater:1198 - MainUpdater not yet initialized. External WinMGr cannot be set.
2025-04-13 20:53:31,474 [INFO] Updater:1134 - Updater Version found : 6.14.0
2025-04-13 20:53:31,512 [INFO] ApplicationProperties:184 - Using Application install path: C:\ST\STM32CubeIDE_1.18.0\STM32CubeIDE\plugins\com.st.stm32cube.common.mx_6.14.0.202502271554
2025-04-13 20:53:33,021 [FATAL] Updater:351 - Updater called before beeing initialized
2025-04-13 20:53:33,023 [ERROR] IntegrityCheckThread:130 - Cannot retrieve database content from updater: error 21
2025-04-13 20:53:33,024 [INFO] ThirdParty:978 - Integrity check success = false
2025-04-13 20:53:33,024 [INFO] IntegrityCheckThread:100 - exiting critical section [integrity check]
2025-04-13 20:53:33,024 [INFO] IntegrityCheckThread:103 - End integrity checks thread
2025-04-13 20:53:33,149 [ERROR] LogOutputStream:75 - [STDERR_REDIRECT] Apr 13, 2025 8:53:33 PM java.util.prefs.WindowsPreferences <init>
2025-04-13 20:53:33,157 [ERROR] LogOutputStream:75 - [STDERR_REDIRECT] WARNING: Could not open/create prefs root node Software\JavaSoft\Prefs at root 0xffffffff80000002. Windows RegCreateKeyEx(...) returned error code 5.
2025-04-13 20:53:33,157 [ERROR] LogOutputStream:75 - [STDERR_REDIRECT] 
2025-04-13 20:53:33,885 [INFO] MainUpdater:2872 - connection check result : 10
2025-04-13 20:53:33,887 [INFO] MainUpdater:289 - Updater Check For Update Now.
2025-04-13 20:53:33,887 [INFO] MicroXplorer:498 - Change Database Version : DB.6.0.140
2025-04-13 20:53:33,923 [INFO] McuFinderGlobals:63 - Set McuFinder mode to 2 (CubeIDE integrated)
2025-04-13 20:53:33,942 [INFO] UserAuth:486 - Internet connection configuration mode: 1
2025-04-13 20:53:34,012 [INFO] JxBrowserEngine:152 - Initiate JxBrowser Engine with user profile folder
2025-04-13 20:53:34,528 [INFO] CheckServerUpdateThread:120 - End of CheckServer Thread
2025-04-13 20:53:37,492 [INFO] WebApp:169 - Instantiating new browser for Auth
2025-04-13 20:53:42,958 [INFO] WebApp:463 - Apply proxy settings
2025-04-13 20:53:42,959 [INFO] WebApp:548 - Chromium requires no authentication
2025-04-13 20:53:42,991 [INFO] WebApp:491 - Direct internet connection detected
2025-04-13 20:53:43,243 [INFO] WebApp:894 - Register for checkConnection events
2025-04-13 20:53:43,244 [INFO] WebApp:463 - Apply proxy settings
2025-04-13 20:53:43,244 [INFO] WebApp:548 - Chromium requires no authentication
2025-04-13 20:53:43,245 [INFO] WebApp:491 - Direct internet connection detected
2025-04-13 20:53:43,632 [INFO] WebApp:191 - Connection restablished
2025-04-13 20:53:43,757 [INFO] WebApp:225 - Starting web application
2025-04-13 20:53:43,757 [INFO] WebApp:593 - Web application path used C:\ST\STM32CubeIDE_1.18.0\STM32CubeIDE\plugins\com.st.stm32cube.common.mx_6.14.0.202502271554\db\plugins\mcufinder\reactClient1\index.html
2025-04-13 20:53:44,324 [INFO] UserAuth:486 - Internet connection configuration mode: 1
2025-04-13 20:54:32,574 [ERROR] LogOutputStream:75 - [STDERR_REDIRECT] 
2025-04-13 20:54:32,577 [ERROR] LogOutputStream:75 - [STDERR_REDIRECT] 
2025-04-13 21:01:34,998 [INFO] Activator:176 - 


2025-04-13 21:01:35,002 [INFO] Activator:177 - !SESSION log4j initialized
2025-04-13 21:01:41,153 [INFO] LogOutputStream:77 - [STDOUT_REDIRECT] 
2025-04-13 21:01:50,435 [INFO] ApplicationProperties:184 - Using Application install path: C:\ST\STM32CubeIDE_1.18.0\STM32CubeIDE\plugins\com.st.stm32cube.common.mx_6.14.0.202502271554
2025-04-13 21:01:50,473 [INFO] DbMcusXml:78 - Set database path to: C:\ST\STM32CubeIDE_1.18.0\STM32CubeIDE\plugins\com.st.stm32cube.common.mx_6.14.0.202502271554\\db\/mcu/
2025-04-13 21:01:50,474 [INFO] ApiDb:274 - Set plugin database path to: C:\ST\STM32CubeIDE_1.18.0\STM32CubeIDE\plugins\com.st.stm32cube.common.mx_6.14.0.202502271554\\db\/plugins/boardmanager/
2025-04-13 21:01:50,475 [WARN] ApiDb:259 - Overriding images path with different value:  => C:\ST\STM32CubeIDE_1.18.0\STM32CubeIDE\plugins\com.st.stm32cube.common.mx_6.14.0.202502271554\\db\/plugins/mcufinder/images/
2025-04-13 21:01:50,488 [INFO] ApiDb:250 - Set database path to: C:\Users\ORLANDO\.stmcufinder\plugins\mcufinder//mcu/
2025-04-13 21:01:50,490 [INFO] DbMcusAds:125 - Set database path to: C:\Users\ORLANDO\.stmcufinder\plugins\mcufinder//mcu/
2025-04-13 21:01:50,497 [INFO] CrossReferenceDbSqlite:203 - Set database path to: C:\Users\ORLANDO\.stmcufinder\plugins\mcufinder//mcu/cs/
2025-04-13 21:01:50,724 [INFO] RulesReader:64 - Compatibility file has been processed (301 Rules)
2025-04-13 21:01:50,888 [INFO] DbMcusXml:78 - Set database path to: C:\ST\STM32CubeIDE_1.18.0\STM32CubeIDE\plugins\com.st.stm32cube.common.mx_6.14.0.202502271554\\db\/mcu/
2025-04-13 21:01:50,889 [INFO] ApiDb:274 - Set plugin database path to: C:\ST\STM32CubeIDE_1.18.0\STM32CubeIDE\plugins\com.st.stm32cube.common.mx_6.14.0.202502271554\\db\/plugins/boardmanager/
2025-04-13 21:01:50,889 [INFO] ApiDb:261 - Set plugin images path to: C:\ST\STM32CubeIDE_1.18.0\STM32CubeIDE\plugins\com.st.stm32cube.common.mx_6.14.0.202502271554\\db\/plugins/mcufinder/images/
2025-04-13 21:01:50,890 [WARN] DbFile:41 - Overriding database path with different value: C:\Users\ORLANDO\.stmcufinder\plugins\mcufinder/ => C:\Users\ORLANDO\.stmcufinder\plugins\mcufinder
2025-04-13 21:01:50,890 [INFO] ApiDb:250 - Set database path to: C:\Users\ORLANDO\.stmcufinder\plugins\mcufinder//mcu/
2025-04-13 21:01:50,890 [WARN] DbFile:41 - Overriding database path with different value: C:\Users\ORLANDO\.stmcufinder\plugins\mcufinder/ => C:\Users\ORLANDO\.stmcufinder\plugins\mcufinder
2025-04-13 21:01:50,890 [INFO] DbMcusAds:125 - Set database path to: C:\Users\ORLANDO\.stmcufinder\plugins\mcufinder//mcu/
2025-04-13 21:01:50,890 [WARN] DbFile:41 - Overriding database path with different value: C:\Users\ORLANDO\.stmcufinder\plugins\mcufinder/ => C:\Users\ORLANDO\.stmcufinder\plugins\mcufinder
2025-04-13 21:01:50,891 [WARN] DbFile:41 - Overriding database path with different value: C:\Users\ORLANDO\.stmcufinder\plugins\mcufinder/ => C:\Users\ORLANDO\.stmcufinder\plugins\mcufinder
2025-04-13 21:01:50,891 [INFO] CrossReferenceDbSqlite:203 - Set database path to: C:\Users\ORLANDO\.stmcufinder\plugins\mcufinder//mcu/cs/
2025-04-13 21:01:51,047 [INFO] MainPanel:272 - HeapMemory: 268435456
2025-04-13 21:01:51,247 [INFO] DbMcusXml:78 - Set database path to: C:\ST\STM32CubeIDE_1.18.0\STM32CubeIDE\plugins\com.st.stm32cube.common.mx_6.14.0.202502271554\\db\/mcu/
2025-04-13 21:01:51,247 [INFO] ApiDb:274 - Set plugin database path to: C:\ST\STM32CubeIDE_1.18.0\STM32CubeIDE\plugins\com.st.stm32cube.common.mx_6.14.0.202502271554\\db\/plugins/boardmanager/
2025-04-13 21:01:51,247 [INFO] ApiDb:261 - Set plugin images path to: C:\ST\STM32CubeIDE_1.18.0\STM32CubeIDE\plugins\com.st.stm32cube.common.mx_6.14.0.202502271554\\db\/plugins/mcufinder/images/
2025-04-13 21:01:51,248 [WARN] DbFile:41 - Overriding database path with different value: C:\Users\ORLANDO\.stmcufinder\plugins\mcufinder/ => C:\Users\ORLANDO\.stmcufinder\plugins\mcufinder
2025-04-13 21:01:51,248 [INFO] ApiDb:250 - Set database path to: C:\Users\ORLANDO\.stmcufinder\plugins\mcufinder//mcu/
2025-04-13 21:01:51,248 [WARN] DbFile:41 - Overriding database path with different value: C:\Users\ORLANDO\.stmcufinder\plugins\mcufinder/ => C:\Users\ORLANDO\.stmcufinder\plugins\mcufinder
2025-04-13 21:01:51,249 [INFO] DbMcusAds:125 - Set database path to: C:\Users\ORLANDO\.stmcufinder\plugins\mcufinder//mcu/
2025-04-13 21:01:51,249 [WARN] DbFile:41 - Overriding database path with different value: C:\Users\ORLANDO\.stmcufinder\plugins\mcufinder/ => C:\Users\ORLANDO\.stmcufinder\plugins\mcufinder
2025-04-13 21:01:51,249 [WARN] DbFile:41 - Overriding database path with different value: C:\Users\ORLANDO\.stmcufinder\plugins\mcufinder/ => C:\Users\ORLANDO\.stmcufinder\plugins\mcufinder
2025-04-13 21:01:51,249 [INFO] CrossReferenceDbSqlite:203 - Set database path to: C:\Users\ORLANDO\.stmcufinder\plugins\mcufinder//mcu/cs/
2025-04-13 21:01:51,284 [INFO] ApplicationProperties:184 - Using Application install path: C:\ST\STM32CubeIDE_1.18.0\STM32CubeIDE\plugins\com.st.stm32cube.common.mx_6.14.0.202502271554
2025-04-13 21:01:51,285 [INFO] PluginManage:196 - Search for loadable plugins [exclusion list=, ]
2025-04-13 21:01:51,288 [INFO] PluginManage:310 - Check plugin analytics
2025-04-13 21:01:56,354 [INFO] AnalyticsPlugin:253 - Accepted Software Licenses: 
2025-04-13 21:01:56,354 [INFO] AnalyticsPlugin:255 - Accepted CMSIS Pack Licenses: 
2025-04-13 21:01:56,355 [INFO] AnalyticsPlugin:257 - Accepted Firmware Licenses: 
2025-04-13 21:01:56,363 [INFO] PluginManage:359 - Loaded plugin analytics (category:tool,tabindex:-1)
2025-04-13 21:01:56,364 [INFO] PluginManage:310 - Check plugin cadmodel
2025-04-13 21:01:56,382 [INFO] CADModel:105 - Init CAD model plugin
2025-04-13 21:01:56,382 [INFO] PluginManage:359 - Loaded plugin cadmodel (category:power,tabindex:5)
2025-04-13 21:01:56,382 [INFO] PluginManage:310 - Check plugin clock
2025-04-13 21:01:56,410 [INFO] PluginManage:359 - Loaded plugin clock (category:base,tabindex:2)
2025-04-13 21:01:56,411 [INFO] PluginManage:310 - Check plugin ddr
2025-04-13 21:01:56,416 [INFO] PluginManage:359 - Loaded plugin ddr (category:tool,tabindex:6)
2025-04-13 21:01:56,417 [INFO] PluginManage:310 - Check plugin filemanager
2025-04-13 21:01:56,866 [INFO] PluginManage:359 - Loaded plugin filemanager (category:base,tabindex:10)
2025-04-13 21:01:56,866 [INFO] PluginManage:310 - Check plugin ipmanager
2025-04-13 21:01:56,884 [INFO] PluginManage:359 - Loaded plugin ipmanager (category:base,tabindex:5)
2025-04-13 21:01:56,884 [INFO] PluginManage:310 - Check plugin lpbam
2025-04-13 21:01:56,903 [INFO] PluginManage:359 - Loaded plugin lpbam (category:base,tabindex:0)
2025-04-13 21:01:56,904 [INFO] PluginManage:310 - Check plugin memorymap
2025-04-13 21:01:56,936 [INFO] PluginManage:359 - Loaded plugin memorymap (category:base,tabindex:4)
2025-04-13 21:01:56,936 [INFO] PluginManage:310 - Check plugin pinoutandconfiguration
2025-04-13 21:01:56,977 [INFO] PluginManage:359 - Loaded plugin pinoutandconfiguration (category:base,tabindex:1)
2025-04-13 21:01:56,977 [INFO] PluginManage:310 - Check plugin pinoutconfig
2025-04-13 21:01:57,162 [WARN] SupportedApi:132 - Cannot load RTOS API schema: s4s-elt-must-match.1: The content of 'definitions' must match (annotation?, (simpleType | complexType)?, (unique | key | keyref)*)). A problem was found starting at: attribute.
2025-04-13 21:01:57,416 [INFO] PluginManage:359 - Loaded plugin pinoutconfig (category:base,tabindex:0)
2025-04-13 21:01:57,416 [INFO] PluginManage:310 - Check plugin power
2025-04-13 21:01:57,435 [INFO] PluginManage:359 - Loaded plugin power (category:power,tabindex:4)
2025-04-13 21:01:57,435 [INFO] PluginManage:310 - Check plugin projectmanager
2025-04-13 21:01:57,470 [INFO] PluginManage:359 - Loaded plugin projectmanager (category:projectmanager,tabindex:4)
2025-04-13 21:01:57,470 [INFO] PluginManage:310 - Check plugin rif
2025-04-13 21:01:57,487 [INFO] PluginManage:359 - Loaded plugin rif (category:base,tabindex:3)
2025-04-13 21:01:57,488 [INFO] PluginManage:310 - Check plugin thirdparty
2025-04-13 21:01:57,785 [INFO] PluginManage:359 - Loaded plugin thirdparty (category:base,tabindex:-1)
2025-04-13 21:01:57,786 [INFO] PluginManage:310 - Check plugin tools
2025-04-13 21:01:57,793 [INFO] PluginManage:359 - Loaded plugin tools (category:base,tabindex:7)
2025-04-13 21:01:57,793 [INFO] PluginManage:310 - Check plugin tutovideos
2025-04-13 21:01:57,794 [WARN] IntegrityCheckThread:84 - waiting for thirdparty lock release [integrity check]
2025-04-13 21:01:57,802 [INFO] IntegrityCheckThread:86 - entering critical section [integrity check]
2025-04-13 21:01:57,804 [INFO] ThirdPartyUpdaterWithRetryManager:70 - Updater plugin not ready yet. [1/15]
2025-04-13 21:01:58,082 [INFO] PluginManage:359 - Loaded plugin tutovideos (category:base,tabindex:-1)
2025-04-13 21:01:58,083 [INFO] PluginManage:310 - Check plugin updater
2025-04-13 21:01:58,133 [INFO] PluginManage:359 - Loaded plugin updater (category:base,tabindex:12)
2025-04-13 21:01:58,133 [INFO] PluginManage:310 - Check plugin userauth
2025-04-13 21:01:58,143 [INFO] UserAuth:118 - Init User Auth plugin
2025-04-13 21:01:58,144 [INFO] PluginManage:359 - Loaded plugin userauth (category:base,tabindex:14)
2025-04-13 21:01:58,145 [INFO] PluginManage:283 - PluginManage : Loaded plugins [18]
2025-04-13 21:01:58,538 [INFO] PinOutPanel:1589 - setPackage(No Configuration,No Configuration)
2025-04-13 21:01:58,709 [INFO] CADModel:165 - CPN selected for project level
2025-04-13 21:01:58,710 [INFO] CADModel:114 - Register for checkConnection events
2025-04-13 21:01:58,738 [INFO] IPUIPlugin:80 - create IPUIPlugin
2025-04-13 21:01:58,738 [INFO] PluginManager:220 - loadIPPluginJar : add adc
2025-04-13 21:01:58,744 [INFO] IPUIPlugin:80 - create IPUIPlugin
2025-04-13 21:01:58,745 [INFO] PluginManager:220 - loadIPPluginJar : add aes
2025-04-13 21:01:58,750 [INFO] IPUIPlugin:80 - create IPUIPlugin
2025-04-13 21:01:58,750 [INFO] PluginManager:220 - loadIPPluginJar : add can
2025-04-13 21:01:58,754 [INFO] IPUIPlugin:80 - create IPUIPlugin
2025-04-13 21:01:58,754 [INFO] PluginManager:220 - loadIPPluginJar : add comp
2025-04-13 21:01:58,759 [INFO] IPUIPlugin:80 - create IPUIPlugin
2025-04-13 21:01:58,759 [INFO] PluginManager:220 - loadIPPluginJar : add cryp
2025-04-13 21:01:58,766 [INFO] IPUIPlugin:80 - create IPUIPlugin
2025-04-13 21:01:58,766 [INFO] PluginManager:220 - loadIPPluginJar : add ddr_ctrl_phy
2025-04-13 21:01:58,771 [INFO] IPUIPlugin:80 - create IPUIPlugin
2025-04-13 21:01:58,771 [INFO] PluginManager:220 - loadIPPluginJar : add dfsdm
2025-04-13 21:01:58,780 [INFO] IPUIPlugin:80 - create IPUIPlugin
2025-04-13 21:01:58,781 [INFO] PluginManager:220 - loadIPPluginJar : add dma
2025-04-13 21:01:58,786 [INFO] IPUIPlugin:80 - create IPUIPlugin
2025-04-13 21:01:58,786 [INFO] PluginManager:220 - loadIPPluginJar : add dma3
2025-04-13 21:01:58,792 [INFO] IPUIPlugin:80 - create IPUIPlugin
2025-04-13 21:01:58,792 [INFO] PluginManager:220 - loadIPPluginJar : add extmemmanager
2025-04-13 21:01:58,795 [INFO] IPUIPlugin:80 - create IPUIPlugin
2025-04-13 21:01:58,795 [INFO] PluginManager:220 - loadIPPluginJar : add fatfs
2025-04-13 21:01:58,802 [INFO] IPUIPlugin:80 - create IPUIPlugin
2025-04-13 21:01:58,802 [INFO] PluginManager:220 - loadIPPluginJar : add fmc
2025-04-13 21:01:58,811 [INFO] IPUIPlugin:80 - create IPUIPlugin
2025-04-13 21:01:58,812 [INFO] PluginManager:220 - loadIPPluginJar : add freertos
2025-04-13 21:01:58,815 [INFO] IPUIPlugin:80 - create IPUIPlugin
2025-04-13 21:01:58,815 [INFO] PluginManager:220 - loadIPPluginJar : add genericplugin
2025-04-13 21:01:58,819 [INFO] IPUIPlugin:80 - create IPUIPlugin
2025-04-13 21:01:58,820 [INFO] PluginManager:220 - loadIPPluginJar : add gfxmmu
2025-04-13 21:01:58,830 [INFO] IPUIPlugin:80 - create IPUIPlugin
2025-04-13 21:01:58,830 [INFO] PluginManager:220 - loadIPPluginJar : add gic
2025-04-13 21:01:58,838 [INFO] IPUIPlugin:80 - create IPUIPlugin
2025-04-13 21:01:58,838 [INFO] PluginManager:220 - loadIPPluginJar : add gpio
2025-04-13 21:01:58,850 [INFO] IPUIPlugin:80 - create IPUIPlugin
2025-04-13 21:01:58,850 [INFO] PluginManager:220 - loadIPPluginJar : add gtzc
2025-04-13 21:01:58,856 [INFO] IPUIPlugin:80 - create IPUIPlugin
2025-04-13 21:01:58,856 [INFO] PluginManager:220 - loadIPPluginJar : add hash
2025-04-13 21:01:58,866 [INFO] IPUIPlugin:80 - create IPUIPlugin
2025-04-13 21:01:58,866 [INFO] PluginManager:220 - loadIPPluginJar : add i2c
2025-04-13 21:01:58,874 [INFO] IPUIPlugin:80 - create IPUIPlugin
2025-04-13 21:01:58,874 [INFO] PluginManager:220 - loadIPPluginJar : add i2s
2025-04-13 21:01:58,882 [INFO] IPUIPlugin:80 - create IPUIPlugin
2025-04-13 21:01:58,883 [INFO] PluginManager:220 - loadIPPluginJar : add i3c
2025-04-13 21:01:58,894 [INFO] IPUIPlugin:80 - create IPUIPlugin
2025-04-13 21:01:58,895 [INFO] PluginManager:220 - loadIPPluginJar : add ipddr
2025-04-13 21:01:58,911 [INFO] IPUIPlugin:80 - create IPUIPlugin
2025-04-13 21:01:58,911 [INFO] PluginManager:220 - loadIPPluginJar : add linkedlist
2025-04-13 21:01:58,919 [INFO] IPUIPlugin:80 - create IPUIPlugin
2025-04-13 21:01:58,920 [INFO] PluginManager:220 - loadIPPluginJar : add lorawan
2025-04-13 21:01:58,923 [INFO] IPUIPlugin:80 - create IPUIPlugin
2025-04-13 21:01:58,923 [INFO] PluginManager:220 - loadIPPluginJar : add ltdc
2025-04-13 21:01:58,935 [INFO] IPUIPlugin:80 - create IPUIPlugin
2025-04-13 21:01:58,935 [INFO] PluginManager:220 - loadIPPluginJar : add mdma
2025-04-13 21:01:58,943 [INFO] IPUIPlugin:80 - create IPUIPlugin
2025-04-13 21:01:58,944 [INFO] PluginManager:220 - loadIPPluginJar : add nvic
2025-04-13 21:01:58,950 [INFO] IPUIPlugin:80 - create IPUIPlugin
2025-04-13 21:01:58,950 [INFO] PluginManager:220 - loadIPPluginJar : add opamp
2025-04-13 21:01:58,958 [INFO] IPUIPlugin:80 - create IPUIPlugin
2025-04-13 21:01:58,958 [INFO] PluginManager:220 - loadIPPluginJar : add openamp
2025-04-13 21:01:58,966 [INFO] IPUIPlugin:80 - create IPUIPlugin
2025-04-13 21:01:58,966 [INFO] PluginManager:220 - loadIPPluginJar : add pdm2pcm
2025-04-13 21:01:58,980 [INFO] IPUIPlugin:80 - create IPUIPlugin
2025-04-13 21:01:58,985 [INFO] PluginManager:220 - loadIPPluginJar : add plateformsettings
2025-04-13 21:01:58,989 [INFO] IPUIPlugin:80 - create IPUIPlugin
2025-04-13 21:01:58,990 [INFO] PluginManager:220 - loadIPPluginJar : add quadspi
2025-04-13 21:01:58,995 [INFO] IPUIPlugin:80 - create IPUIPlugin
2025-04-13 21:01:58,997 [INFO] PluginManager:220 - loadIPPluginJar : add radio
2025-04-13 21:01:59,006 [INFO] IPUIPlugin:80 - create IPUIPlugin
2025-04-13 21:01:59,006 [INFO] PluginManager:220 - loadIPPluginJar : add resmgrutility
2025-04-13 21:01:59,014 [INFO] IPUIPlugin:80 - create IPUIPlugin
2025-04-13 21:01:59,014 [INFO] PluginManager:220 - loadIPPluginJar : add sai
2025-04-13 21:01:59,020 [INFO] IPUIPlugin:80 - create IPUIPlugin
2025-04-13 21:01:59,021 [INFO] PluginManager:220 - loadIPPluginJar : add spi
2025-04-13 21:01:59,031 [INFO] IPUIPlugin:80 - create IPUIPlugin
2025-04-13 21:01:59,032 [INFO] PluginManager:220 - loadIPPluginJar : add stm32_wpan
2025-04-13 21:01:59,035 [INFO] IPUIPlugin:80 - create IPUIPlugin
2025-04-13 21:01:59,036 [INFO] PluginManager:220 - loadIPPluginJar : add tim
2025-04-13 21:01:59,043 [INFO] IPUIPlugin:80 - create IPUIPlugin
2025-04-13 21:01:59,044 [INFO] PluginManager:220 - loadIPPluginJar : add touchsensing
2025-04-13 21:01:59,049 [INFO] IPUIPlugin:80 - create IPUIPlugin
2025-04-13 21:01:59,050 [INFO] PluginManager:220 - loadIPPluginJar : add tracer_emb
2025-04-13 21:01:59,055 [INFO] IPUIPlugin:80 - create IPUIPlugin
2025-04-13 21:01:59,055 [INFO] PluginManager:220 - loadIPPluginJar : add ts
2025-04-13 21:01:59,059 [INFO] IPUIPlugin:80 - create IPUIPlugin
2025-04-13 21:01:59,059 [INFO] PluginManager:220 - loadIPPluginJar : add tsc
2025-04-13 21:01:59,064 [INFO] IPUIPlugin:80 - create IPUIPlugin
2025-04-13 21:01:59,065 [INFO] PluginManager:220 - loadIPPluginJar : add ucpd
2025-04-13 21:01:59,073 [INFO] IPUIPlugin:80 - create IPUIPlugin
2025-04-13 21:01:59,074 [INFO] PluginManager:220 - loadIPPluginJar : add usart
2025-04-13 21:01:59,081 [INFO] IPUIPlugin:80 - create IPUIPlugin
2025-04-13 21:01:59,082 [INFO] PluginManager:220 - loadIPPluginJar : add usbx
2025-04-13 21:01:59,288 [FATAL] Updater:351 - Updater called before beeing initialized
2025-04-13 21:01:59,377 [INFO] RulesReader:64 - Compatibility file has been processed (301 Rules)
2025-04-13 21:01:59,413 [INFO] RulesReader:64 - Compatibility file has been processed (301 Rules)
2025-04-13 21:01:59,429 [INFO] CADModel:165 - CPN selected for project level
2025-04-13 21:01:59,430 [INFO] CADModel:114 - Register for checkConnection events
2025-04-13 21:01:59,430 [FATAL] Updater:351 - Updater called before beeing initialized
2025-04-13 21:01:59,430 [ERROR] CADModel:125 - Updater not yet initialized, retry later 
2025-04-13 21:01:59,713 [FATAL] Updater:351 - Updater called before beeing initialized
2025-04-13 21:01:59,717 [INFO] CADModel:165 - CPN selected for project level
2025-04-13 21:01:59,717 [INFO] CADModel:114 - Register for checkConnection events
2025-04-13 21:01:59,717 [FATAL] Updater:351 - Updater called before beeing initialized
2025-04-13 21:01:59,717 [ERROR] CADModel:125 - Updater not yet initialized, retry later 
2025-04-13 21:01:59,723 [FATAL] Updater:351 - Updater called before beeing initialized
2025-04-13 21:02:00,016 [FATAL] Updater:351 - Updater called before beeing initialized
2025-04-13 21:02:00,024 [INFO] DbMcusAds:53 - JSON generation date=Thu Mar 06 11:54:21 ART 2025 (1741272861825)
2025-04-13 21:02:00,025 [FATAL] Updater:351 - Updater called before beeing initialized
2025-04-13 21:02:00,107 [WARN] DetailPanel:346 - Failed to get advertising image, set to default
2025-04-13 21:02:00,618 [FATAL] Updater:351 - Updater called before beeing initialized
2025-04-13 21:02:00,620 [FATAL] Updater:351 - Updater called before beeing initialized
2025-04-13 21:02:00,621 [FATAL] Updater:351 - Updater called before beeing initialized
2025-04-13 21:02:00,621 [WARN] DetailPanel:346 - Failed to get advertising image, set to default
2025-04-13 21:02:00,622 [FATAL] Updater:351 - Updater called before beeing initialized
2025-04-13 21:02:00,805 [INFO] ThirdPartyUpdaterWithRetryManager:70 - Updater plugin not ready yet. [2/15]
2025-04-13 21:02:00,920 [ERROR] Updater:1198 - MainUpdater not yet initialized. External WinMGr cannot be set.
2025-04-13 21:02:00,923 [INFO] Updater:1134 - Updater Version found : 6.14.0
2025-04-13 21:02:00,954 [INFO] ApplicationProperties:184 - Using Application install path: C:\ST\STM32CubeIDE_1.18.0\STM32CubeIDE\plugins\com.st.stm32cube.common.mx_6.14.0.202502271554
2025-04-13 21:02:02,550 [ERROR] LogOutputStream:75 - [STDERR_REDIRECT] Apr 13, 2025 9:02:02 PM java.util.prefs.WindowsPreferences <init>
2025-04-13 21:02:02,558 [ERROR] LogOutputStream:75 - [STDERR_REDIRECT] WARNING: Could not open/create prefs root node Software\JavaSoft\Prefs at root 0xffffffff80000002. Windows RegCreateKeyEx(...) returned error code 5.
2025-04-13 21:02:02,559 [ERROR] LogOutputStream:75 - [STDERR_REDIRECT] 
2025-04-13 21:02:03,095 [INFO] MainUpdater:2872 - connection check result : 10
2025-04-13 21:02:03,096 [INFO] MainUpdater:289 - Updater Check For Update Now.
2025-04-13 21:02:03,097 [INFO] MicroXplorer:498 - Change Database Version : DB.6.0.140
2025-04-13 21:02:03,108 [INFO] McuFinderGlobals:63 - Set McuFinder mode to 2 (CubeIDE integrated)
2025-04-13 21:02:03,110 [INFO] UserAuth:486 - Internet connection configuration mode: 1
2025-04-13 21:02:03,171 [INFO] JxBrowserEngine:152 - Initiate JxBrowser Engine with user profile folder
2025-04-13 21:02:03,517 [INFO] CheckServerUpdateThread:120 - End of CheckServer Thread
2025-04-13 21:02:06,501 [INFO] WebApp:169 - Instantiating new browser for Auth
2025-04-13 21:02:06,934 [WARN] PackLoader:240 - Cannot read IP mode file for STMicroelectronics.FP-SNS-MOTENVWB1.1.4.0
2025-04-13 21:02:07,180 [WARN] PackLoader:240 - Cannot read IP mode file for STMicroelectronics.FP-ATR-ASTRA1.2.0.2
2025-04-13 21:02:07,234 [WARN] PackLoader:240 - Cannot read IP mode file for STMicroelectronics.X-CUBE-SMBUS.2.1.0
2025-04-13 21:02:07,389 [WARN] PackLoader:240 - Cannot read IP mode file for STMicroelectronics.X-CUBE-WB05N.1.1.0
2025-04-13 21:02:07,599 [WARN] PackLoader:240 - Cannot read IP mode file for STMicroelectronics.X-CUBE-AZRTOS-F7.1.1.0
2025-04-13 21:02:07,810 [WARN] PackLoader:240 - Cannot read IP mode file for Infineon.AIROC-Wi-Fi-Bluetooth-STM32.1.7.0
2025-04-13 21:02:07,904 [WARN] PackLoader:240 - Cannot read IP mode file for STMicroelectronics.X-CUBE-DISPLAY.3.0.0
2025-04-13 21:02:07,988 [WARN] PackLoader:240 - Cannot read IP mode file for STMicroelectronics.X-CUBE-NFC10.1.0.0
2025-04-13 21:02:08,093 [WARN] PackLoader:240 - Cannot read IP mode file for STMicroelectronics.X-CUBE-BLEMGR.4.0.0
2025-04-13 21:02:08,199 [WARN] PackLoader:240 - Cannot read IP mode file for emotas.I-CUBE-CANOPEN.1.3.0
2025-04-13 21:02:08,270 [WARN] ConditionMgr:438 - getConditionDescription Invalid condition id : Cortex-A Device cause : null
2025-04-13 21:02:09,394 [WARN] ConditionMgr:1044 - genDependencies : Invalid condition id : Cortex-A Device cause : null
2025-04-13 21:02:09,394 [WARN] ConditionMgr:1044 - genDependencies : Invalid condition id : Cortex-A Device cause : null
2025-04-13 21:02:09,394 [WARN] ConditionMgr:1044 - genDependencies : Invalid condition id : Cortex-A Device cause : null
2025-04-13 21:02:09,487 [WARN] PackLoader:240 - Cannot read IP mode file for STMicroelectronics.X-CUBE-AI.10.0.0
2025-04-13 21:02:09,546 [WARN] PackLoader:240 - Cannot read IP mode file for STMicroelectronics.FP-SNS-SMARTAG2.1.2.0
2025-04-13 21:02:09,594 [WARN] PackLoader:240 - Cannot read IP mode file for STMicroelectronics.FP-SNS-FLIGHT1.5.1.0
2025-04-13 21:02:10,291 [WARN] PackLoader:240 - Cannot read IP mode file for STMicroelectronics.X-CUBE-MEMS1.11.1.0
2025-04-13 21:02:11,445 [INFO] LogOutputStream:77 - [STDOUT_REDIRECT] 1 : Invalid condition id : UX_CORESTACK_Condition cause : null
2025-04-13 21:02:11,446 [INFO] LogOutputStream:77 - [STDOUT_REDIRECT] 1 : Invalid condition id : UX_CORESTACK_Condition cause : null
2025-04-13 21:02:11,450 [INFO] LogOutputStream:77 - [STDOUT_REDIRECT] 1 : Invalid condition id : UX_CORESTACK_Condition cause : null
2025-04-13 21:02:11,455 [INFO] LogOutputStream:77 - [STDOUT_REDIRECT] 1 : Invalid condition id : UX_CORESTACK_Condition cause : null
2025-04-13 21:02:11,484 [INFO] LogOutputStream:77 - [STDOUT_REDIRECT] 1 : Invalid condition id : UX_CORESTACK_Condition cause : null
2025-04-13 21:02:11,501 [WARN] PackLoader:240 - Cannot read IP mode file for STMicroelectronics.X-CUBE-AZRTOS-WL.2.0.0
2025-04-13 21:02:11,595 [WARN] PackLoader:240 - Cannot read IP mode file for STMicroelectronics.FP-SNS-MOTENV1.5.0.0
2025-04-13 21:02:13,350 [WARN] PackLoader:240 - Cannot read IP mode file for WES.I-CUBE-Cesium.1.3.0
2025-04-13 21:02:13,484 [WARN] PackLoader:240 - Cannot read IP mode file for STMicroelectronics.X-CUBE-BLE2.3.3.0
2025-04-13 21:02:13,510 [INFO] WebApp:463 - Apply proxy settings
2025-04-13 21:02:13,514 [INFO] WebApp:548 - Chromium requires no authentication
2025-04-13 21:02:13,538 [WARN] PackLoader:240 - Cannot read IP mode file for STMicroelectronics.X-CUBE-NFC9.1.0.0
2025-04-13 21:02:13,548 [INFO] WebApp:491 - Direct internet connection detected
2025-04-13 21:02:13,601 [WARN] PackLoader:240 - Cannot read IP mode file for STMicroelectronics.X-CUBE-BLE1.7.1.0
2025-04-13 21:02:13,816 [WARN] PackLoader:240 - Cannot read IP mode file for wolfSSL.I-CUBE-wolfMQTT.1.19.2
2025-04-13 21:02:13,819 [INFO] WebApp:894 - Register for checkConnection events
2025-04-13 21:02:13,820 [INFO] WebApp:463 - Apply proxy settings
2025-04-13 21:02:13,821 [INFO] WebApp:548 - Chromium requires no authentication
2025-04-13 21:02:13,822 [INFO] WebApp:491 - Direct internet connection detected
2025-04-13 21:02:13,885 [WARN] PackLoader:240 - Cannot read IP mode file for STMicroelectronics.X-CUBE-AZRTOS-G0.1.1.0
2025-04-13 21:02:13,953 [WARN] PackLoader:240 - Cannot read IP mode file for STMicroelectronics.X-CUBE-SAFEA1.1.2.2
2025-04-13 21:02:14,016 [WARN] PackLoader:240 - Cannot read IP mode file for STMicroelectronics.X-CUBE-NFC4.3.0.0
2025-04-13 21:02:14,085 [WARN] PackLoader:240 - Cannot read IP mode file for EmbeddedOffice.I-CUBE-FS-RTOS.1.0.1
2025-04-13 21:02:14,122 [WARN] PackLoader:240 - Cannot read IP mode file for wolfSSL.I-CUBE-wolfTPM.3.8.0
2025-04-13 21:02:14,635 [WARN] PackLoader:240 - Cannot read IP mode file for STMicroelectronics.X-CUBE-TCPP.4.2.0
2025-04-13 21:02:15,345 [WARN] PackLoader:240 - Cannot read IP mode file for RealThread.X-CUBE-RT-Thread_Nano.4.1.1
2025-04-13 21:02:15,923 [WARN] PackLoader:240 - Cannot read IP mode file for STMicroelectronics.FP-ATR-SIGFOX1.3.2.0
2025-04-13 21:02:16,704 [WARN] PackLoader:240 - Cannot read IP mode file for STMicroelectronics.X-CUBE-EEPRMA1.5.1.0
2025-04-13 21:02:16,793 [WARN] PackLoader:240 - Cannot read IP mode file for wolfSSL.I-CUBE-wolfSSL.5.7.6
2025-04-13 21:02:17,038 [INFO] WebApp:191 - Connection restablished
2025-04-13 21:02:17,086 [WARN] PackLoader:240 - Cannot read IP mode file for ITTIA_DB.I-CUBE-ITTIADB.8.9.0
2025-04-13 21:02:17,548 [WARN] PackLoader:240 - Cannot read IP mode file for SEGGER.I-CUBE-embOS.1.3.1
2025-04-13 21:02:17,725 [INFO] WebApp:225 - Starting web application
2025-04-13 21:02:17,725 [INFO] WebApp:593 - Web application path used C:\ST\STM32CubeIDE_1.18.0\STM32CubeIDE\plugins\com.st.stm32cube.common.mx_6.14.0.202502271554\db\plugins\mcufinder\reactClient1\index.html
2025-04-13 21:02:17,822 [WARN] PackLoader:240 - Cannot read IP mode file for STMicroelectronics.X-CUBE-ALGOBUILD.1.4.0
2025-04-13 21:02:18,088 [WARN] PackLoader:240 - Cannot read IP mode file for STMicroelectronics.X-CUBE-AZRTOS-F4.1.1.0
2025-04-13 21:02:18,199 [WARN] PackLoader:240 - Cannot read IP mode file for STMicroelectronics.X-CUBE-ISPU.2.1.0
2025-04-13 21:02:18,317 [INFO] UserAuth:486 - Internet connection configuration mode: 1
2025-04-13 21:02:18,471 [WARN] PackLoader:240 - Cannot read IP mode file for STMicroelectronics.X-CUBE-AZRTOS-L5.2.0.0
2025-04-13 21:02:18,657 [WARN] PackLoader:240 - Cannot read IP mode file for STMicroelectronics.X-CUBE-NFC6.3.1.0
2025-04-13 21:02:18,755 [WARN] PackLoader:240 - Cannot read IP mode file for STMicroelectronics.X-CUBE-DPower.1.2.0
2025-04-13 21:02:18,841 [WARN] PackLoader:240 - Cannot read IP mode file for STMicroelectronics.X-CUBE-FREERTOS.1.3.0
2025-04-13 21:02:18,879 [WARN] PackLoader:240 - Cannot read IP mode file for STMicroelectronics.X-CUBE-NFC7.1.0.1
2025-04-13 21:02:18,922 [WARN] PackLoader:240 - Cannot read IP mode file for STMicroelectronics.X-CUBE-DPower.1.3.0
2025-04-13 21:02:19,120 [WARN] ConditionMgr:438 - getConditionDescription Invalid condition id : LAN8742 Phy interface Condition cause : null
2025-04-13 21:02:19,121 [WARN] PackLoader:240 - Cannot read IP mode file for STMicroelectronics.X-CUBE-AZRTOS-L4.2.0.0
2025-04-13 21:02:19,129 [WARN] ConditionMgr:1044 - genDependencies : Invalid condition id : LAN8742 Phy interface Condition cause : null
2025-04-13 21:02:19,130 [WARN] ConditionMgr:1044 - genDependencies : Invalid condition id : LAN8742 Phy interface Condition cause : null
2025-04-13 21:02:19,131 [WARN] ConditionMgr:1044 - genDependencies : Invalid condition id : LAN8742 Phy interface Condition cause : null
2025-04-13 21:02:19,206 [WARN] PackLoader:240 - Cannot read IP mode file for STMicroelectronics.X-CUBE-SFXS2LP1.4.0.0
2025-04-13 21:02:19,476 [WARN] PackLoader:240 - Cannot read IP mode file for STMicroelectronics.X-CUBE-AZRTOS-H7.3.3.0
2025-04-13 21:02:19,788 [WARN] ConditionMgr:438 - getConditionDescription Invalid condition id : UX DEVICE CLASS RTOS Condition cause : null
2025-04-13 21:02:19,789 [WARN] ConditionMgr:438 - getConditionDescription Invalid condition id : UX DEVICE CLASS RTOS Condition cause : null
2025-04-13 21:02:19,793 [WARN] PackLoader:240 - Cannot read IP mode file for STMicroelectronics.X-CUBE-AZRTOS-WB.2.0.0
2025-04-13 21:02:19,794 [WARN] ConditionMgr:1044 - genDependencies : Invalid condition id : UX DEVICE CLASS RTOS Condition cause : null
2025-04-13 21:02:19,832 [WARN] ConditionMgr:1044 - genDependencies : Invalid condition id : UX DEVICE CLASS RTOS Condition cause : null
2025-04-13 21:02:19,833 [WARN] ConditionMgr:1044 - genDependencies : Invalid condition id : UX DEVICE CLASS RTOS Condition cause : null
2025-04-13 21:02:19,834 [WARN] ConditionMgr:1044 - genDependencies : Invalid condition id : UX DEVICE CLASS RTOS Condition cause : null
2025-04-13 21:02:19,834 [WARN] ConditionMgr:1044 - genDependencies : Invalid condition id : UX DEVICE CLASS RTOS Condition cause : null
2025-04-13 21:02:19,900 [WARN] PackLoader:240 - Cannot read IP mode file for STMicroelectronics.X-CUBE-GNSS1.7.0.1
2025-04-13 21:02:19,971 [WARN] PackLoader:240 - Cannot read IP mode file for STMicroelectronics.X-CUBE-TOUCHGFX.4.25.0
2025-04-13 21:02:20,034 [WARN] PackLoader:240 - Cannot read IP mode file for STMicroelectronics.FP-SNS-STBOX1.2.0.0
2025-04-13 21:02:20,100 [WARN] PackLoader:240 - Cannot read IP mode file for STMicroelectronics.X-CUBE-SUBG2.5.0.0
2025-04-13 21:02:20,257 [WARN] PackLoader:240 - Cannot read IP mode file for STMicroelectronics.X-CUBE-AZRTOS-H7RS.1.1.0
2025-04-13 21:02:20,311 [WARN] PackLoader:240 - Cannot read IP mode file for Cesanta.I-CUBE-Mongoose.7.13.0
2025-04-13 21:02:20,476 [WARN] PackLoader:240 - Cannot read IP mode file for STMicroelectronics.X-CUBE-AZRTOS-G4.2.0.0
2025-04-13 21:02:20,692 [WARN] PackLoader:240 - Cannot read IP mode file for wolfSSL.I-CUBE-wolfSSH.1.4.20
2025-04-13 21:02:20,776 [WARN] PackLoader:240 - Cannot read IP mode file for STMicroelectronics.X-CUBE-IPS.3.1.0
2025-04-13 21:02:20,830 [WARN] PackLoader:240 - Cannot read IP mode file for STMicroelectronics.X-CUBE-ALS.1.0.2
2025-04-13 21:02:20,875 [WARN] PackLoader:240 - Cannot read IP mode file for portGmbH.I-Cube-SoM-uGOAL.1.1.0
2025-04-13 21:02:21,069 [WARN] PackLoader:240 - Cannot read IP mode file for STMicroelectronics.X-CUBE-AZRTOS-H7RS.1.0.0
2025-04-13 21:02:21,207 [WARN] PackLoader:240 - Cannot read IP mode file for STMicroelectronics.X-CUBE-TOF1.3.4.2
2025-04-13 21:02:21,231 [INFO] ThirdParty:978 - Integrity check success = true
2025-04-13 21:02:21,231 [INFO] IntegrityCheckThread:100 - exiting critical section [integrity check]
2025-04-13 21:02:21,231 [INFO] IntegrityCheckThread:103 - End integrity checks thread
2025-04-13 23:07:08,368 [INFO] WebApp:194 - Connection lost
2025-04-13 23:07:09,926 [INFO] WebApp:191 - Connection restablished
2025-04-13 23:07:10,028 [INFO] WebApp:194 - Connection lost
2025-04-13 23:07:10,241 [INFO] WebApp:191 - Connection restablished
2025-04-13 23:07:12,945 [INFO] WebApp:194 - Connection lost
2025-04-13 23:07:13,113 [INFO] WebApp:191 - Connection restablished
